2022-05-14 16:41:40,101 CRIT Supervisor is running as root.  Privileges were not dropped because no user is specified in the config file.  If you intend to run as root, you can set user=root in the config file to avoid this message.
2022-05-14 16:41:40,101 INFO Included extra file "/opt/docker/etc/supervisor.d/apache.conf" during parsing
2022-05-14 16:41:40,102 INFO Included extra file "/opt/docker/etc/supervisor.d/blackfire-agent.conf" during parsing
2022-05-14 16:41:40,102 INFO Included extra file "/opt/docker/etc/supervisor.d/cron.conf" during parsing
2022-05-14 16:41:40,102 INFO Included extra file "/opt/docker/etc/supervisor.d/dnsmasq.conf" during parsing
2022-05-14 16:41:40,102 INFO Included extra file "/opt/docker/etc/supervisor.d/php-fpm.conf" during parsing
2022-05-14 16:41:40,102 INFO Included extra file "/opt/docker/etc/supervisor.d/postfix.conf" during parsing
2022-05-14 16:41:40,102 INFO Included extra file "/opt/docker/etc/supervisor.d/ssh.conf" during parsing
2022-05-14 16:41:40,103 INFO Included extra file "/opt/docker/etc/supervisor.d/syslog.conf" during parsing
2022-05-14 16:41:40,126 INFO RPC interface 'supervisor' initialized
2022-05-14 16:41:40,126 INFO supervisord started with pid 87
2022-05-14 16:41:41,130 INFO spawned: 'syslogd' with pid 90
2022-05-14 16:41:41,134 INFO spawned: 'php-fpmd' with pid 91
2022-05-14 16:41:41,138 INFO spawned: 'apached' with pid 92
2022-05-14 16:41:41,145 INFO spawned: 'crond' with pid 93
2022-05-14 16:41:41,153 INFO spawned: 'postfixd' with pid 94
2022-05-14 16:41:41,156 INFO spawned: 'sshd' with pid 95
2022-05-14 16:41:41,163 INFO success: php-fpmd entered RUNNING state, process has stayed up for > than 0 seconds (startsecs)
2022-05-14 16:41:41,163 INFO success: apached entered RUNNING state, process has stayed up for > than 0 seconds (startsecs)
2022-05-14 16:41:41,163 INFO success: crond entered RUNNING state, process has stayed up for > than 0 seconds (startsecs)
2022-05-14 16:41:41,163 INFO success: postfixd entered RUNNING state, process has stayed up for > than 0 seconds (startsecs)
2022-05-14 16:41:41,163 INFO success: sshd entered RUNNING state, process has stayed up for > than 0 seconds (startsecs)
2022-05-14 16:41:42,676 INFO success: syslogd entered RUNNING state, process has stayed up for > than 1 seconds (startsecs)
2022-05-16 16:52:32,411 CRIT Supervisor is running as root.  Privileges were not dropped because no user is specified in the config file.  If you intend to run as root, you can set user=root in the config file to avoid this message.
2022-05-16 16:52:32,423 INFO Included extra file "/opt/docker/etc/supervisor.d/apache.conf" during parsing
2022-05-16 16:52:32,423 INFO Included extra file "/opt/docker/etc/supervisor.d/blackfire-agent.conf" during parsing
2022-05-16 16:52:32,423 INFO Included extra file "/opt/docker/etc/supervisor.d/cron.conf" during parsing
2022-05-16 16:52:32,423 INFO Included extra file "/opt/docker/etc/supervisor.d/dnsmasq.conf" during parsing
2022-05-16 16:52:32,424 INFO Included extra file "/opt/docker/etc/supervisor.d/php-fpm.conf" during parsing
2022-05-16 16:52:32,424 INFO Included extra file "/opt/docker/etc/supervisor.d/postfix.conf" during parsing
2022-05-16 16:52:32,424 INFO Included extra file "/opt/docker/etc/supervisor.d/ssh.conf" during parsing
2022-05-16 16:52:32,424 INFO Included extra file "/opt/docker/etc/supervisor.d/syslog.conf" during parsing
2022-05-16 16:52:32,766 INFO RPC interface 'supervisor' initialized
2022-05-16 16:52:32,767 INFO supervisord started with pid 83
2022-05-16 16:52:33,770 INFO spawned: 'syslogd' with pid 86
2022-05-16 16:52:33,775 INFO spawned: 'php-fpmd' with pid 87
2022-05-16 16:52:33,777 INFO spawned: 'apached' with pid 88
2022-05-16 16:52:33,779 INFO spawned: 'crond' with pid 89
2022-05-16 16:52:33,780 INFO spawned: 'postfixd' with pid 90
2022-05-16 16:52:33,783 INFO spawned: 'sshd' with pid 91
2022-05-16 16:52:33,834 INFO success: php-fpmd entered RUNNING state, process has stayed up for > than 0 seconds (startsecs)
2022-05-16 16:52:33,834 INFO success: apached entered RUNNING state, process has stayed up for > than 0 seconds (startsecs)
2022-05-16 16:52:33,834 INFO success: crond entered RUNNING state, process has stayed up for > than 0 seconds (startsecs)
2022-05-16 16:52:33,834 INFO success: postfixd entered RUNNING state, process has stayed up for > than 0 seconds (startsecs)
2022-05-16 16:52:33,835 INFO success: sshd entered RUNNING state, process has stayed up for > than 0 seconds (startsecs)
2022-05-16 16:52:35,073 INFO success: syslogd entered RUNNING state, process has stayed up for > than 1 seconds (startsecs)
2022-05-17 13:22:58,675 CRIT Supervisor is running as root.  Privileges were not dropped because no user is specified in the config file.  If you intend to run as root, you can set user=root in the config file to avoid this message.
2022-05-17 13:22:58,695 INFO Included extra file "/opt/docker/etc/supervisor.d/apache.conf" during parsing
2022-05-17 13:22:58,695 INFO Included extra file "/opt/docker/etc/supervisor.d/blackfire-agent.conf" during parsing
2022-05-17 13:22:58,695 INFO Included extra file "/opt/docker/etc/supervisor.d/cron.conf" during parsing
2022-05-17 13:22:58,695 INFO Included extra file "/opt/docker/etc/supervisor.d/dnsmasq.conf" during parsing
2022-05-17 13:22:58,696 INFO Included extra file "/opt/docker/etc/supervisor.d/php-fpm.conf" during parsing
2022-05-17 13:22:58,696 INFO Included extra file "/opt/docker/etc/supervisor.d/postfix.conf" during parsing
2022-05-17 13:22:58,696 INFO Included extra file "/opt/docker/etc/supervisor.d/ssh.conf" during parsing
2022-05-17 13:22:58,696 INFO Included extra file "/opt/docker/etc/supervisor.d/syslog.conf" during parsing
2022-05-17 13:22:58,734 INFO RPC interface 'supervisor' initialized
2022-05-17 13:22:58,735 INFO supervisord started with pid 84
2022-05-17 13:22:59,737 INFO spawned: 'syslogd' with pid 87
2022-05-17 13:22:59,739 INFO spawned: 'php-fpmd' with pid 88
2022-05-17 13:22:59,741 INFO spawned: 'apached' with pid 89
2022-05-17 13:22:59,742 INFO spawned: 'crond' with pid 90
2022-05-17 13:22:59,744 INFO spawned: 'postfixd' with pid 91
2022-05-17 13:22:59,746 INFO spawned: 'sshd' with pid 92
2022-05-17 13:22:59,750 INFO success: php-fpmd entered RUNNING state, process has stayed up for > than 0 seconds (startsecs)
2022-05-17 13:22:59,750 INFO success: apached entered RUNNING state, process has stayed up for > than 0 seconds (startsecs)
2022-05-17 13:22:59,751 INFO success: crond entered RUNNING state, process has stayed up for > than 0 seconds (startsecs)
2022-05-17 13:22:59,751 INFO success: postfixd entered RUNNING state, process has stayed up for > than 0 seconds (startsecs)
2022-05-17 13:22:59,751 INFO success: sshd entered RUNNING state, process has stayed up for > than 0 seconds (startsecs)
2022-05-17 13:23:01,035 INFO success: syslogd entered RUNNING state, process has stayed up for > than 1 seconds (startsecs)
2022-05-17 14:35:08,300 CRIT Supervisor is running as root.  Privileges were not dropped because no user is specified in the config file.  If you intend to run as root, you can set user=root in the config file to avoid this message.
2022-05-17 14:35:08,316 INFO Included extra file "/opt/docker/etc/supervisor.d/apache.conf" during parsing
2022-05-17 14:35:08,316 INFO Included extra file "/opt/docker/etc/supervisor.d/blackfire-agent.conf" during parsing
2022-05-17 14:35:08,316 INFO Included extra file "/opt/docker/etc/supervisor.d/cron.conf" during parsing
2022-05-17 14:35:08,316 INFO Included extra file "/opt/docker/etc/supervisor.d/dnsmasq.conf" during parsing
2022-05-17 14:35:08,316 INFO Included extra file "/opt/docker/etc/supervisor.d/php-fpm.conf" during parsing
2022-05-17 14:35:08,316 INFO Included extra file "/opt/docker/etc/supervisor.d/postfix.conf" during parsing
2022-05-17 14:35:08,316 INFO Included extra file "/opt/docker/etc/supervisor.d/ssh.conf" during parsing
2022-05-17 14:35:08,316 INFO Included extra file "/opt/docker/etc/supervisor.d/syslog.conf" during parsing
2022-05-17 14:35:08,330 INFO RPC interface 'supervisor' initialized
2022-05-17 14:35:08,331 INFO supervisord started with pid 84
2022-05-17 14:35:09,333 INFO spawned: 'syslogd' with pid 87
2022-05-17 14:35:09,334 INFO spawned: 'php-fpmd' with pid 88
2022-05-17 14:35:09,336 INFO spawned: 'apached' with pid 89
2022-05-17 14:35:09,338 INFO spawned: 'crond' with pid 90
2022-05-17 14:35:09,340 INFO spawned: 'postfixd' with pid 91
2022-05-17 14:35:09,341 INFO spawned: 'sshd' with pid 92
2022-05-17 14:35:09,345 INFO success: php-fpmd entered RUNNING state, process has stayed up for > than 0 seconds (startsecs)
2022-05-17 14:35:09,346 INFO success: apached entered RUNNING state, process has stayed up for > than 0 seconds (startsecs)
2022-05-17 14:35:09,346 INFO success: crond entered RUNNING state, process has stayed up for > than 0 seconds (startsecs)
2022-05-17 14:35:09,346 INFO success: postfixd entered RUNNING state, process has stayed up for > than 0 seconds (startsecs)
2022-05-17 14:35:09,346 INFO success: sshd entered RUNNING state, process has stayed up for > than 0 seconds (startsecs)
2022-05-17 14:35:11,103 INFO success: syslogd entered RUNNING state, process has stayed up for > than 1 seconds (startsecs)
2022-05-18 09:11:21,738 CRIT Supervisor is running as root.  Privileges were not dropped because no user is specified in the config file.  If you intend to run as root, you can set user=root in the config file to avoid this message.
2022-05-18 09:11:21,745 INFO Included extra file "/opt/docker/etc/supervisor.d/apache.conf" during parsing
2022-05-18 09:11:21,745 INFO Included extra file "/opt/docker/etc/supervisor.d/blackfire-agent.conf" during parsing
2022-05-18 09:11:21,746 INFO Included extra file "/opt/docker/etc/supervisor.d/cron.conf" during parsing
2022-05-18 09:11:21,746 INFO Included extra file "/opt/docker/etc/supervisor.d/dnsmasq.conf" during parsing
2022-05-18 09:11:21,746 INFO Included extra file "/opt/docker/etc/supervisor.d/php-fpm.conf" during parsing
2022-05-18 09:11:21,746 INFO Included extra file "/opt/docker/etc/supervisor.d/postfix.conf" during parsing
2022-05-18 09:11:21,746 INFO Included extra file "/opt/docker/etc/supervisor.d/ssh.conf" during parsing
2022-05-18 09:11:21,746 INFO Included extra file "/opt/docker/etc/supervisor.d/syslog.conf" during parsing
2022-05-18 09:11:22,128 INFO RPC interface 'supervisor' initialized
2022-05-18 09:11:22,129 INFO supervisord started with pid 84
2022-05-18 09:11:23,155 INFO spawned: 'syslogd' with pid 87
2022-05-18 09:11:23,159 INFO spawned: 'php-fpmd' with pid 88
2022-05-18 09:11:23,163 INFO spawned: 'apached' with pid 89
2022-05-18 09:11:23,167 INFO spawned: 'crond' with pid 90
2022-05-18 09:11:23,172 INFO spawned: 'postfixd' with pid 91
2022-05-18 09:11:23,176 INFO spawned: 'sshd' with pid 92
2022-05-18 09:11:23,480 INFO success: php-fpmd entered RUNNING state, process has stayed up for > than 0 seconds (startsecs)
2022-05-18 09:11:23,480 INFO success: apached entered RUNNING state, process has stayed up for > than 0 seconds (startsecs)
2022-05-18 09:11:23,480 INFO success: crond entered RUNNING state, process has stayed up for > than 0 seconds (startsecs)
2022-05-18 09:11:23,481 INFO success: postfixd entered RUNNING state, process has stayed up for > than 0 seconds (startsecs)
2022-05-18 09:11:23,481 INFO success: sshd entered RUNNING state, process has stayed up for > than 0 seconds (startsecs)
2022-05-18 09:11:24,810 INFO success: syslogd entered RUNNING state, process has stayed up for > than 1 seconds (startsecs)
2022-05-18 15:27:29,032 CRIT Supervisor is running as root.  Privileges were not dropped because no user is specified in the config file.  If you intend to run as root, you can set user=root in the config file to avoid this message.
2022-05-18 15:27:29,049 INFO Included extra file "/opt/docker/etc/supervisor.d/apache.conf" during parsing
2022-05-18 15:27:29,050 INFO Included extra file "/opt/docker/etc/supervisor.d/blackfire-agent.conf" during parsing
2022-05-18 15:27:29,050 INFO Included extra file "/opt/docker/etc/supervisor.d/cron.conf" during parsing
2022-05-18 15:27:29,050 INFO Included extra file "/opt/docker/etc/supervisor.d/dnsmasq.conf" during parsing
2022-05-18 15:27:29,050 INFO Included extra file "/opt/docker/etc/supervisor.d/php-fpm.conf" during parsing
2022-05-18 15:27:29,050 INFO Included extra file "/opt/docker/etc/supervisor.d/postfix.conf" during parsing
2022-05-18 15:27:29,050 INFO Included extra file "/opt/docker/etc/supervisor.d/ssh.conf" during parsing
2022-05-18 15:27:29,051 INFO Included extra file "/opt/docker/etc/supervisor.d/syslog.conf" during parsing
2022-05-18 15:27:29,562 INFO RPC interface 'supervisor' initialized
2022-05-18 15:27:29,563 INFO supervisord started with pid 86
2022-05-18 15:27:30,578 INFO spawned: 'syslogd' with pid 89
2022-05-18 15:27:30,582 INFO spawned: 'php-fpmd' with pid 90
2022-05-18 15:27:30,584 INFO spawned: 'apached' with pid 91
2022-05-18 15:27:30,585 INFO spawned: 'crond' with pid 92
2022-05-18 15:27:30,587 INFO spawned: 'postfixd' with pid 93
2022-05-18 15:27:30,589 INFO spawned: 'sshd' with pid 94
2022-05-18 15:27:30,667 INFO success: php-fpmd entered RUNNING state, process has stayed up for > than 0 seconds (startsecs)
2022-05-18 15:27:30,667 INFO success: apached entered RUNNING state, process has stayed up for > than 0 seconds (startsecs)
2022-05-18 15:27:30,667 INFO success: crond entered RUNNING state, process has stayed up for > than 0 seconds (startsecs)
2022-05-18 15:27:30,667 INFO success: postfixd entered RUNNING state, process has stayed up for > than 0 seconds (startsecs)
2022-05-18 15:27:30,668 INFO success: sshd entered RUNNING state, process has stayed up for > than 0 seconds (startsecs)
2022-05-18 15:27:31,809 INFO success: syslogd entered RUNNING state, process has stayed up for > than 1 seconds (startsecs)
2022-05-23 16:05:22,389 CRIT Supervisor is running as root.  Privileges were not dropped because no user is specified in the config file.  If you intend to run as root, you can set user=root in the config file to avoid this message.
2022-05-23 16:05:22,408 INFO Included extra file "/opt/docker/etc/supervisor.d/apache.conf" during parsing
2022-05-23 16:05:22,409 INFO Included extra file "/opt/docker/etc/supervisor.d/blackfire-agent.conf" during parsing
2022-05-23 16:05:22,409 INFO Included extra file "/opt/docker/etc/supervisor.d/cron.conf" during parsing
2022-05-23 16:05:22,409 INFO Included extra file "/opt/docker/etc/supervisor.d/dnsmasq.conf" during parsing
2022-05-23 16:05:22,409 INFO Included extra file "/opt/docker/etc/supervisor.d/php-fpm.conf" during parsing
2022-05-23 16:05:22,409 INFO Included extra file "/opt/docker/etc/supervisor.d/postfix.conf" during parsing
2022-05-23 16:05:22,409 INFO Included extra file "/opt/docker/etc/supervisor.d/ssh.conf" during parsing
2022-05-23 16:05:22,409 INFO Included extra file "/opt/docker/etc/supervisor.d/syslog.conf" during parsing
2022-05-23 16:05:22,769 INFO RPC interface 'supervisor' initialized
2022-05-23 16:05:22,770 INFO supervisord started with pid 84
2022-05-23 16:05:23,775 INFO spawned: 'syslogd' with pid 87
2022-05-23 16:05:23,779 INFO spawned: 'php-fpmd' with pid 88
2022-05-23 16:05:23,782 INFO spawned: 'apached' with pid 89
2022-05-23 16:05:23,784 INFO spawned: 'crond' with pid 90
2022-05-23 16:05:23,786 INFO spawned: 'postfixd' with pid 91
2022-05-23 16:05:23,788 INFO spawned: 'sshd' with pid 92
2022-05-23 16:05:23,816 INFO success: php-fpmd entered RUNNING state, process has stayed up for > than 0 seconds (startsecs)
2022-05-23 16:05:23,816 INFO success: apached entered RUNNING state, process has stayed up for > than 0 seconds (startsecs)
2022-05-23 16:05:23,816 INFO success: crond entered RUNNING state, process has stayed up for > than 0 seconds (startsecs)
2022-05-23 16:05:23,816 INFO success: postfixd entered RUNNING state, process has stayed up for > than 0 seconds (startsecs)
2022-05-23 16:05:23,816 INFO success: sshd entered RUNNING state, process has stayed up for > than 0 seconds (startsecs)
2022-05-23 16:05:25,020 INFO success: syslogd entered RUNNING state, process has stayed up for > than 1 seconds (startsecs)
2022-05-23 19:05:29,016 CRIT Supervisor is running as root.  Privileges were not dropped because no user is specified in the config file.  If you intend to run as root, you can set user=root in the config file to avoid this message.
2022-05-23 19:05:29,035 INFO Included extra file "/opt/docker/etc/supervisor.d/apache.conf" during parsing
2022-05-23 19:05:29,035 INFO Included extra file "/opt/docker/etc/supervisor.d/blackfire-agent.conf" during parsing
2022-05-23 19:05:29,035 INFO Included extra file "/opt/docker/etc/supervisor.d/cron.conf" during parsing
2022-05-23 19:05:29,035 INFO Included extra file "/opt/docker/etc/supervisor.d/dnsmasq.conf" during parsing
2022-05-23 19:05:29,035 INFO Included extra file "/opt/docker/etc/supervisor.d/php-fpm.conf" during parsing
2022-05-23 19:05:29,035 INFO Included extra file "/opt/docker/etc/supervisor.d/postfix.conf" during parsing
2022-05-23 19:05:29,035 INFO Included extra file "/opt/docker/etc/supervisor.d/ssh.conf" during parsing
2022-05-23 19:05:29,035 INFO Included extra file "/opt/docker/etc/supervisor.d/syslog.conf" during parsing
2022-05-23 19:05:29,080 INFO RPC interface 'supervisor' initialized
2022-05-23 19:05:29,081 INFO supervisord started with pid 84
2022-05-23 19:05:30,084 INFO spawned: 'syslogd' with pid 87
2022-05-23 19:05:30,085 INFO spawned: 'php-fpmd' with pid 88
2022-05-23 19:05:30,088 INFO spawned: 'apached' with pid 89
2022-05-23 19:05:30,091 INFO spawned: 'crond' with pid 90
2022-05-23 19:05:30,093 INFO spawned: 'postfixd' with pid 91
2022-05-23 19:05:30,096 INFO spawned: 'sshd' with pid 92
2022-05-23 19:05:30,098 INFO success: php-fpmd entered RUNNING state, process has stayed up for > than 0 seconds (startsecs)
2022-05-23 19:05:30,098 INFO success: apached entered RUNNING state, process has stayed up for > than 0 seconds (startsecs)
2022-05-23 19:05:30,098 INFO success: crond entered RUNNING state, process has stayed up for > than 0 seconds (startsecs)
2022-05-23 19:05:30,098 INFO success: postfixd entered RUNNING state, process has stayed up for > than 0 seconds (startsecs)
2022-05-23 19:05:30,098 INFO success: sshd entered RUNNING state, process has stayed up for > than 0 seconds (startsecs)
2022-05-23 19:05:31,488 INFO success: syslogd entered RUNNING state, process has stayed up for > than 1 seconds (startsecs)
2022-05-26 16:01:07,297 CRIT Supervisor is running as root.  Privileges were not dropped because no user is specified in the config file.  If you intend to run as root, you can set user=root in the config file to avoid this message.
2022-05-26 16:01:07,354 INFO Included extra file "/opt/docker/etc/supervisor.d/apache.conf" during parsing
2022-05-26 16:01:07,354 INFO Included extra file "/opt/docker/etc/supervisor.d/blackfire-agent.conf" during parsing
2022-05-26 16:01:07,354 INFO Included extra file "/opt/docker/etc/supervisor.d/cron.conf" during parsing
2022-05-26 16:01:07,354 INFO Included extra file "/opt/docker/etc/supervisor.d/dnsmasq.conf" during parsing
2022-05-26 16:01:07,354 INFO Included extra file "/opt/docker/etc/supervisor.d/php-fpm.conf" during parsing
2022-05-26 16:01:07,355 INFO Included extra file "/opt/docker/etc/supervisor.d/postfix.conf" during parsing
2022-05-26 16:01:07,355 INFO Included extra file "/opt/docker/etc/supervisor.d/ssh.conf" during parsing
2022-05-26 16:01:07,355 INFO Included extra file "/opt/docker/etc/supervisor.d/syslog.conf" during parsing
2022-05-26 16:01:07,705 INFO RPC interface 'supervisor' initialized
2022-05-26 16:01:07,706 INFO supervisord started with pid 84
2022-05-26 16:01:08,720 INFO spawned: 'syslogd' with pid 87
2022-05-26 16:01:08,725 INFO spawned: 'php-fpmd' with pid 88
2022-05-26 16:01:08,733 INFO spawned: 'apached' with pid 89
2022-05-26 16:01:08,739 INFO spawned: 'crond' with pid 90
2022-05-26 16:01:08,744 INFO spawned: 'postfixd' with pid 91
2022-05-26 16:01:08,747 INFO spawned: 'sshd' with pid 92
2022-05-26 16:01:08,772 INFO success: php-fpmd entered RUNNING state, process has stayed up for > than 0 seconds (startsecs)
2022-05-26 16:01:08,773 INFO success: apached entered RUNNING state, process has stayed up for > than 0 seconds (startsecs)
2022-05-26 16:01:08,773 INFO success: crond entered RUNNING state, process has stayed up for > than 0 seconds (startsecs)
2022-05-26 16:01:08,773 INFO success: postfixd entered RUNNING state, process has stayed up for > than 0 seconds (startsecs)
2022-05-26 16:01:08,773 INFO success: sshd entered RUNNING state, process has stayed up for > than 0 seconds (startsecs)
2022-05-26 16:01:10,128 INFO success: syslogd entered RUNNING state, process has stayed up for > than 1 seconds (startsecs)
2022-05-30 19:37:11,362 CRIT Supervisor is running as root.  Privileges were not dropped because no user is specified in the config file.  If you intend to run as root, you can set user=root in the config file to avoid this message.
2022-05-30 19:37:11,403 INFO Included extra file "/opt/docker/etc/supervisor.d/apache.conf" during parsing
2022-05-30 19:37:11,404 INFO Included extra file "/opt/docker/etc/supervisor.d/blackfire-agent.conf" during parsing
2022-05-30 19:37:11,404 INFO Included extra file "/opt/docker/etc/supervisor.d/cron.conf" during parsing
2022-05-30 19:37:11,404 INFO Included extra file "/opt/docker/etc/supervisor.d/dnsmasq.conf" during parsing
2022-05-30 19:37:11,404 INFO Included extra file "/opt/docker/etc/supervisor.d/php-fpm.conf" during parsing
2022-05-30 19:37:11,404 INFO Included extra file "/opt/docker/etc/supervisor.d/postfix.conf" during parsing
2022-05-30 19:37:11,404 INFO Included extra file "/opt/docker/etc/supervisor.d/ssh.conf" during parsing
2022-05-30 19:37:11,404 INFO Included extra file "/opt/docker/etc/supervisor.d/syslog.conf" during parsing
2022-05-30 19:37:11,419 INFO RPC interface 'supervisor' initialized
2022-05-30 19:37:11,419 INFO supervisord started with pid 81
2022-05-30 19:37:12,524 INFO spawned: 'syslogd' with pid 84
2022-05-30 19:37:12,527 INFO spawned: 'php-fpmd' with pid 85
2022-05-30 19:37:12,529 INFO spawned: 'apached' with pid 86
2022-05-30 19:37:12,531 INFO spawned: 'crond' with pid 87
2022-05-30 19:37:12,534 INFO spawned: 'postfixd' with pid 88
2022-05-30 19:37:12,537 INFO spawned: 'sshd' with pid 89
2022-05-30 19:37:12,594 INFO success: php-fpmd entered RUNNING state, process has stayed up for > than 0 seconds (startsecs)
2022-05-30 19:37:12,594 INFO success: apached entered RUNNING state, process has stayed up for > than 0 seconds (startsecs)
2022-05-30 19:37:12,594 INFO success: crond entered RUNNING state, process has stayed up for > than 0 seconds (startsecs)
2022-05-30 19:37:12,594 INFO success: postfixd entered RUNNING state, process has stayed up for > than 0 seconds (startsecs)
2022-05-30 19:37:12,594 INFO success: sshd entered RUNNING state, process has stayed up for > than 0 seconds (startsecs)
2022-05-30 19:37:13,576 INFO success: syslogd entered RUNNING state, process has stayed up for > than 1 seconds (startsecs)
2022-06-02 14:08:14,337 CRIT Supervisor is running as root.  Privileges were not dropped because no user is specified in the config file.  If you intend to run as root, you can set user=root in the config file to avoid this message.
2022-06-02 14:08:14,339 INFO Included extra file "/opt/docker/etc/supervisor.d/apache.conf" during parsing
2022-06-02 14:08:14,339 INFO Included extra file "/opt/docker/etc/supervisor.d/blackfire-agent.conf" during parsing
2022-06-02 14:08:14,339 INFO Included extra file "/opt/docker/etc/supervisor.d/cron.conf" during parsing
2022-06-02 14:08:14,339 INFO Included extra file "/opt/docker/etc/supervisor.d/dnsmasq.conf" during parsing
2022-06-02 14:08:14,340 INFO Included extra file "/opt/docker/etc/supervisor.d/php-fpm.conf" during parsing
2022-06-02 14:08:14,340 INFO Included extra file "/opt/docker/etc/supervisor.d/postfix.conf" during parsing
2022-06-02 14:08:14,341 INFO Included extra file "/opt/docker/etc/supervisor.d/ssh.conf" during parsing
2022-06-02 14:08:14,341 INFO Included extra file "/opt/docker/etc/supervisor.d/syslog.conf" during parsing
2022-06-02 14:08:14,356 INFO RPC interface 'supervisor' initialized
2022-06-02 14:08:14,359 INFO supervisord started with pid 81
2022-06-02 14:08:15,362 INFO spawned: 'syslogd' with pid 84
2022-06-02 14:08:15,364 INFO spawned: 'php-fpmd' with pid 85
2022-06-02 14:08:15,366 INFO spawned: 'apached' with pid 86
2022-06-02 14:08:15,368 INFO spawned: 'crond' with pid 87
2022-06-02 14:08:15,371 INFO spawned: 'postfixd' with pid 88
2022-06-02 14:08:15,373 INFO spawned: 'sshd' with pid 89
2022-06-02 14:08:15,378 INFO success: php-fpmd entered RUNNING state, process has stayed up for > than 0 seconds (startsecs)
2022-06-02 14:08:15,379 INFO success: apached entered RUNNING state, process has stayed up for > than 0 seconds (startsecs)
2022-06-02 14:08:15,380 INFO success: crond entered RUNNING state, process has stayed up for > than 0 seconds (startsecs)
2022-06-02 14:08:15,381 INFO success: postfixd entered RUNNING state, process has stayed up for > than 0 seconds (startsecs)
2022-06-02 14:08:15,382 INFO success: sshd entered RUNNING state, process has stayed up for > than 0 seconds (startsecs)
2022-06-02 14:08:16,659 INFO success: syslogd entered RUNNING state, process has stayed up for > than 1 seconds (startsecs)
2022-06-05 16:27:14,069 CRIT Supervisor is running as root.  Privileges were not dropped because no user is specified in the config file.  If you intend to run as root, you can set user=root in the config file to avoid this message.
2022-06-05 16:27:14,070 INFO Included extra file "/opt/docker/etc/supervisor.d/apache.conf" during parsing
2022-06-05 16:27:14,071 INFO Included extra file "/opt/docker/etc/supervisor.d/blackfire-agent.conf" during parsing
2022-06-05 16:27:14,072 INFO Included extra file "/opt/docker/etc/supervisor.d/cron.conf" during parsing
2022-06-05 16:27:14,072 INFO Included extra file "/opt/docker/etc/supervisor.d/dnsmasq.conf" during parsing
2022-06-05 16:27:14,073 INFO Included extra file "/opt/docker/etc/supervisor.d/php-fpm.conf" during parsing
2022-06-05 16:27:14,073 INFO Included extra file "/opt/docker/etc/supervisor.d/postfix.conf" during parsing
2022-06-05 16:27:14,074 INFO Included extra file "/opt/docker/etc/supervisor.d/ssh.conf" during parsing
2022-06-05 16:27:14,074 INFO Included extra file "/opt/docker/etc/supervisor.d/syslog.conf" during parsing
2022-06-05 16:27:14,399 INFO RPC interface 'supervisor' initialized
2022-06-05 16:27:14,404 INFO supervisord started with pid 84
2022-06-05 16:27:15,407 INFO spawned: 'syslogd' with pid 87
2022-06-05 16:27:15,410 INFO spawned: 'php-fpmd' with pid 88
2022-06-05 16:27:15,415 INFO spawned: 'apached' with pid 89
2022-06-05 16:27:15,420 INFO spawned: 'crond' with pid 90
2022-06-05 16:27:15,425 INFO spawned: 'postfixd' with pid 91
2022-06-05 16:27:15,429 INFO spawned: 'sshd' with pid 92
2022-06-05 16:27:15,435 INFO success: php-fpmd entered RUNNING state, process has stayed up for > than 0 seconds (startsecs)
2022-06-05 16:27:15,436 INFO success: apached entered RUNNING state, process has stayed up for > than 0 seconds (startsecs)
2022-06-05 16:27:15,437 INFO success: crond entered RUNNING state, process has stayed up for > than 0 seconds (startsecs)
2022-06-05 16:27:15,438 INFO success: postfixd entered RUNNING state, process has stayed up for > than 0 seconds (startsecs)
2022-06-05 16:27:15,438 INFO success: sshd entered RUNNING state, process has stayed up for > than 0 seconds (startsecs)
2022-06-05 16:27:17,160 INFO success: syslogd entered RUNNING state, process has stayed up for > than 1 seconds (startsecs)
2022-06-06 12:38:59,567 CRIT Supervisor is running as root.  Privileges were not dropped because no user is specified in the config file.  If you intend to run as root, you can set user=root in the config file to avoid this message.
2022-06-06 12:38:59,569 INFO Included extra file "/opt/docker/etc/supervisor.d/apache.conf" during parsing
2022-06-06 12:38:59,569 INFO Included extra file "/opt/docker/etc/supervisor.d/blackfire-agent.conf" during parsing
2022-06-06 12:38:59,570 INFO Included extra file "/opt/docker/etc/supervisor.d/cron.conf" during parsing
2022-06-06 12:38:59,570 INFO Included extra file "/opt/docker/etc/supervisor.d/dnsmasq.conf" during parsing
2022-06-06 12:38:59,571 INFO Included extra file "/opt/docker/etc/supervisor.d/php-fpm.conf" during parsing
2022-06-06 12:38:59,571 INFO Included extra file "/opt/docker/etc/supervisor.d/postfix.conf" during parsing
2022-06-06 12:38:59,572 INFO Included extra file "/opt/docker/etc/supervisor.d/ssh.conf" during parsing
2022-06-06 12:38:59,572 INFO Included extra file "/opt/docker/etc/supervisor.d/syslog.conf" during parsing
2022-06-06 12:38:59,895 INFO RPC interface 'supervisor' initialized
2022-06-06 12:38:59,900 INFO supervisord started with pid 83
2022-06-06 12:39:00,904 INFO spawned: 'syslogd' with pid 86
2022-06-06 12:39:00,908 INFO spawned: 'php-fpmd' with pid 87
2022-06-06 12:39:00,911 INFO spawned: 'apached' with pid 88
2022-06-06 12:39:00,915 INFO spawned: 'crond' with pid 89
2022-06-06 12:39:00,922 INFO spawned: 'postfixd' with pid 90
2022-06-06 12:39:00,926 INFO spawned: 'sshd' with pid 91
2022-06-06 12:39:00,933 INFO success: php-fpmd entered RUNNING state, process has stayed up for > than 0 seconds (startsecs)
2022-06-06 12:39:00,934 INFO success: apached entered RUNNING state, process has stayed up for > than 0 seconds (startsecs)
2022-06-06 12:39:00,934 INFO success: crond entered RUNNING state, process has stayed up for > than 0 seconds (startsecs)
2022-06-06 12:39:00,935 INFO success: postfixd entered RUNNING state, process has stayed up for > than 0 seconds (startsecs)
2022-06-06 12:39:00,936 INFO success: sshd entered RUNNING state, process has stayed up for > than 0 seconds (startsecs)
2022-06-06 12:39:02,520 INFO success: syslogd entered RUNNING state, process has stayed up for > than 1 seconds (startsecs)
2022-06-06 13:53:43,487 CRIT Supervisor is running as root.  Privileges were not dropped because no user is specified in the config file.  If you intend to run as root, you can set user=root in the config file to avoid this message.
2022-06-06 13:53:43,488 INFO Included extra file "/opt/docker/etc/supervisor.d/apache.conf" during parsing
2022-06-06 13:53:43,488 INFO Included extra file "/opt/docker/etc/supervisor.d/blackfire-agent.conf" during parsing
2022-06-06 13:53:43,488 INFO Included extra file "/opt/docker/etc/supervisor.d/cron.conf" during parsing
2022-06-06 13:53:43,488 INFO Included extra file "/opt/docker/etc/supervisor.d/dnsmasq.conf" during parsing
2022-06-06 13:53:43,489 INFO Included extra file "/opt/docker/etc/supervisor.d/php-fpm.conf" during parsing
2022-06-06 13:53:43,489 INFO Included extra file "/opt/docker/etc/supervisor.d/postfix.conf" during parsing
2022-06-06 13:53:43,490 INFO Included extra file "/opt/docker/etc/supervisor.d/ssh.conf" during parsing
2022-06-06 13:53:43,490 INFO Included extra file "/opt/docker/etc/supervisor.d/syslog.conf" during parsing
2022-06-06 13:53:43,504 INFO RPC interface 'supervisor' initialized
2022-06-06 13:53:43,506 INFO supervisord started with pid 84
2022-06-06 13:53:44,509 INFO spawned: 'syslogd' with pid 87
2022-06-06 13:53:44,512 INFO spawned: 'php-fpmd' with pid 88
2022-06-06 13:53:44,514 INFO spawned: 'apached' with pid 89
2022-06-06 13:53:44,516 INFO spawned: 'crond' with pid 90
2022-06-06 13:53:44,518 INFO spawned: 'postfixd' with pid 91
2022-06-06 13:53:44,520 INFO spawned: 'sshd' with pid 93
2022-06-06 13:53:44,522 INFO success: php-fpmd entered RUNNING state, process has stayed up for > than 0 seconds (startsecs)
2022-06-06 13:53:44,522 INFO success: apached entered RUNNING state, process has stayed up for > than 0 seconds (startsecs)
2022-06-06 13:53:44,528 INFO success: crond entered RUNNING state, process has stayed up for > than 0 seconds (startsecs)
2022-06-06 13:53:44,531 INFO success: postfixd entered RUNNING state, process has stayed up for > than 0 seconds (startsecs)
2022-06-06 13:53:44,533 INFO success: sshd entered RUNNING state, process has stayed up for > than 0 seconds (startsecs)
2022-06-06 13:53:45,841 INFO success: syslogd entered RUNNING state, process has stayed up for > than 1 seconds (startsecs)
2022-06-06 16:00:47,111 CRIT Supervisor is running as root.  Privileges were not dropped because no user is specified in the config file.  If you intend to run as root, you can set user=root in the config file to avoid this message.
2022-06-06 16:00:47,112 INFO Included extra file "/opt/docker/etc/supervisor.d/apache.conf" during parsing
2022-06-06 16:00:47,112 INFO Included extra file "/opt/docker/etc/supervisor.d/blackfire-agent.conf" during parsing
2022-06-06 16:00:47,113 INFO Included extra file "/opt/docker/etc/supervisor.d/cron.conf" during parsing
2022-06-06 16:00:47,113 INFO Included extra file "/opt/docker/etc/supervisor.d/dnsmasq.conf" during parsing
2022-06-06 16:00:47,114 INFO Included extra file "/opt/docker/etc/supervisor.d/php-fpm.conf" during parsing
2022-06-06 16:00:47,115 INFO Included extra file "/opt/docker/etc/supervisor.d/postfix.conf" during parsing
2022-06-06 16:00:47,115 INFO Included extra file "/opt/docker/etc/supervisor.d/ssh.conf" during parsing
2022-06-06 16:00:47,116 INFO Included extra file "/opt/docker/etc/supervisor.d/syslog.conf" during parsing
2022-06-06 16:00:47,435 INFO RPC interface 'supervisor' initialized
2022-06-06 16:00:47,441 INFO supervisord started with pid 81
2022-06-06 16:00:48,444 INFO spawned: 'syslogd' with pid 84
2022-06-06 16:00:48,447 INFO spawned: 'php-fpmd' with pid 85
2022-06-06 16:00:48,451 INFO spawned: 'apached' with pid 86
2022-06-06 16:00:48,455 INFO spawned: 'crond' with pid 87
2022-06-06 16:00:48,462 INFO spawned: 'postfixd' with pid 88
2022-06-06 16:00:48,468 INFO spawned: 'sshd' with pid 90
2022-06-06 16:00:48,472 INFO success: php-fpmd entered RUNNING state, process has stayed up for > than 0 seconds (startsecs)
2022-06-06 16:00:48,472 INFO success: apached entered RUNNING state, process has stayed up for > than 0 seconds (startsecs)
2022-06-06 16:00:48,473 INFO success: crond entered RUNNING state, process has stayed up for > than 0 seconds (startsecs)
2022-06-06 16:00:48,474 INFO success: postfixd entered RUNNING state, process has stayed up for > than 0 seconds (startsecs)
2022-06-06 16:00:48,475 INFO success: sshd entered RUNNING state, process has stayed up for > than 0 seconds (startsecs)
2022-06-06 16:00:49,778 INFO success: syslogd entered RUNNING state, process has stayed up for > than 1 seconds (startsecs)
2022-06-09 15:46:05,140 CRIT Supervisor is running as root.  Privileges were not dropped because no user is specified in the config file.  If you intend to run as root, you can set user=root in the config file to avoid this message.
2022-06-09 15:46:05,142 INFO Included extra file "/opt/docker/etc/supervisor.d/apache.conf" during parsing
2022-06-09 15:46:05,143 INFO Included extra file "/opt/docker/etc/supervisor.d/blackfire-agent.conf" during parsing
2022-06-09 15:46:05,143 INFO Included extra file "/opt/docker/etc/supervisor.d/cron.conf" during parsing
2022-06-09 15:46:05,143 INFO Included extra file "/opt/docker/etc/supervisor.d/dnsmasq.conf" during parsing
2022-06-09 15:46:05,144 INFO Included extra file "/opt/docker/etc/supervisor.d/php-fpm.conf" during parsing
2022-06-09 15:46:05,145 INFO Included extra file "/opt/docker/etc/supervisor.d/postfix.conf" during parsing
2022-06-09 15:46:05,146 INFO Included extra file "/opt/docker/etc/supervisor.d/ssh.conf" during parsing
2022-06-09 15:46:05,147 INFO Included extra file "/opt/docker/etc/supervisor.d/syslog.conf" during parsing
2022-06-09 15:46:05,469 INFO RPC interface 'supervisor' initialized
2022-06-09 15:46:05,476 INFO supervisord started with pid 83
2022-06-09 15:46:06,480 INFO spawned: 'syslogd' with pid 86
2022-06-09 15:46:06,483 INFO spawned: 'php-fpmd' with pid 87
2022-06-09 15:46:06,487 INFO spawned: 'apached' with pid 88
2022-06-09 15:46:06,491 INFO spawned: 'crond' with pid 89
2022-06-09 15:46:06,494 INFO spawned: 'postfixd' with pid 90
2022-06-09 15:46:06,498 INFO spawned: 'sshd' with pid 91
2022-06-09 15:46:06,506 INFO success: php-fpmd entered RUNNING state, process has stayed up for > than 0 seconds (startsecs)
2022-06-09 15:46:06,507 INFO success: apached entered RUNNING state, process has stayed up for > than 0 seconds (startsecs)
2022-06-09 15:46:06,508 INFO success: crond entered RUNNING state, process has stayed up for > than 0 seconds (startsecs)
2022-06-09 15:46:06,509 INFO success: postfixd entered RUNNING state, process has stayed up for > than 0 seconds (startsecs)
2022-06-09 15:46:06,509 INFO success: sshd entered RUNNING state, process has stayed up for > than 0 seconds (startsecs)
2022-06-09 15:46:08,125 INFO success: syslogd entered RUNNING state, process has stayed up for > than 1 seconds (startsecs)
