2022-08-01 16:15:02,583 CRIT Supervisor is running as root.  Privileges were not dropped because no user is specified in the config file.  If you intend to run as root, you can set user=root in the config file to avoid this message.
2022-08-01 16:15:02,584 INFO Included extra file "/opt/docker/etc/supervisor.d/apache.conf" during parsing
2022-08-01 16:15:02,584 INFO Included extra file "/opt/docker/etc/supervisor.d/blackfire-agent.conf" during parsing
2022-08-01 16:15:02,584 INFO Included extra file "/opt/docker/etc/supervisor.d/cron.conf" during parsing
2022-08-01 16:15:02,585 INFO Included extra file "/opt/docker/etc/supervisor.d/dnsmasq.conf" during parsing
2022-08-01 16:15:02,585 INFO Included extra file "/opt/docker/etc/supervisor.d/php-fpm.conf" during parsing
2022-08-01 16:15:02,585 INFO Included extra file "/opt/docker/etc/supervisor.d/postfix.conf" during parsing
2022-08-01 16:15:02,586 INFO Included extra file "/opt/docker/etc/supervisor.d/ssh.conf" during parsing
2022-08-01 16:15:02,586 INFO Included extra file "/opt/docker/etc/supervisor.d/syslog.conf" during parsing
2022-08-01 16:15:02,917 INFO RPC interface 'supervisor' initialized
2022-08-01 16:15:02,921 INFO supervisord started with pid 82
2022-08-01 16:15:03,925 INFO spawned: 'syslogd' with pid 85
2022-08-01 16:15:03,929 INFO spawned: 'php-fpmd' with pid 86
2022-08-01 16:15:03,936 INFO spawned: 'apached' with pid 87
2022-08-01 16:15:03,943 INFO spawned: 'crond' with pid 88
2022-08-01 16:15:03,945 INFO spawned: 'postfixd' with pid 89
2022-08-01 16:15:03,950 INFO spawned: 'sshd' with pid 90
2022-08-01 16:15:03,959 INFO success: php-fpmd entered RUNNING state, process has stayed up for > than 0 seconds (startsecs)
2022-08-01 16:15:03,961 INFO success: apached entered RUNNING state, process has stayed up for > than 0 seconds (startsecs)
2022-08-01 16:15:03,962 INFO success: crond entered RUNNING state, process has stayed up for > than 0 seconds (startsecs)
2022-08-01 16:15:03,964 INFO success: postfixd entered RUNNING state, process has stayed up for > than 0 seconds (startsecs)
2022-08-01 16:15:03,965 INFO success: sshd entered RUNNING state, process has stayed up for > than 0 seconds (startsecs)
2022-08-01 16:15:05,439 INFO success: syslogd entered RUNNING state, process has stayed up for > than 1 seconds (startsecs)
